

Started GET "/" for 127.0.0.1 at 2014-11-16 20:21:07 -0600

PG::Error (could not connect to server: Connection refused (0x0000274D/10061)
	Is the server running on host "localhost" (::1) and accepting
	TCP/IP connections on port 5432?
could not connect to server: Connection refused (0x0000274D/10061)
	Is the server running on host "localhost" (127.0.0.1) and accepting
	TCP/IP connections on port 5432?
):
  activerecord (4.0.8) lib/active_record/connection_adapters/postgresql_adapter.rb:855:in `initialize'
  activerecord (4.0.8) lib/active_record/connection_adapters/postgresql_adapter.rb:855:in `new'
  activerecord (4.0.8) lib/active_record/connection_adapters/postgresql_adapter.rb:855:in `connect'
  activerecord (4.0.8) lib/active_record/connection_adapters/postgresql_adapter.rb:556:in `initialize'
  activerecord (4.0.8) lib/active_record/connection_adapters/postgresql_adapter.rb:41:in `new'
  activerecord (4.0.8) lib/active_record/connection_adapters/postgresql_adapter.rb:41:in `postgresql_connection'
  activerecord (4.0.8) lib/active_record/connection_adapters/abstract/connection_pool.rb:440:in `new_connection'
  activerecord (4.0.8) lib/active_record/connection_adapters/abstract/connection_pool.rb:450:in `checkout_new_connection'
  activerecord (4.0.8) lib/active_record/connection_adapters/abstract/connection_pool.rb:421:in `acquire_connection'
  activerecord (4.0.8) lib/active_record/connection_adapters/abstract/connection_pool.rb:356:in `block in checkout'
  C:/Ruby200-x64/lib/ruby/2.0.0/monitor.rb:211:in `mon_synchronize'
  activerecord (4.0.8) lib/active_record/connection_adapters/abstract/connection_pool.rb:355:in `checkout'
  activerecord (4.0.8) lib/active_record/connection_adapters/abstract/connection_pool.rb:265:in `block in connection'
  C:/Ruby200-x64/lib/ruby/2.0.0/monitor.rb:211:in `mon_synchronize'
  activerecord (4.0.8) lib/active_record/connection_adapters/abstract/connection_pool.rb:264:in `connection'
  activerecord (4.0.8) lib/active_record/connection_adapters/abstract/connection_pool.rb:546:in `retrieve_connection'
  activerecord (4.0.8) lib/active_record/connection_handling.rb:79:in `retrieve_connection'
  activerecord (4.0.8) lib/active_record/connection_handling.rb:53:in `connection'
  activerecord (4.0.8) lib/active_record/query_cache.rb:51:in `restore_query_cache_settings'
  activerecord (4.0.8) lib/active_record/query_cache.rb:43:in `rescue in call'
  activerecord (4.0.8) lib/active_record/query_cache.rb:32:in `call'
  activerecord (4.0.8) lib/active_record/connection_adapters/abstract/connection_pool.rb:626:in `call'
  activerecord (4.0.8) lib/active_record/migration.rb:373:in `call'
  actionpack (4.0.8) lib/action_dispatch/middleware/callbacks.rb:29:in `block in call'
  activesupport (4.0.8) lib/active_support/callbacks.rb:373:in `_run__2122604600__call__callbacks'
  activesupport (4.0.8) lib/active_support/callbacks.rb:80:in `run_callbacks'
  actionpack (4.0.8) lib/action_dispatch/middleware/callbacks.rb:27:in `call'
  actionpack (4.0.8) lib/action_dispatch/middleware/reloader.rb:64:in `call'
  actionpack (4.0.8) lib/action_dispatch/middleware/remote_ip.rb:76:in `call'
  actionpack (4.0.8) lib/action_dispatch/middleware/debug_exceptions.rb:17:in `call'
  actionpack (4.0.8) lib/action_dispatch/middleware/show_exceptions.rb:30:in `call'
  railties (4.0.8) lib/rails/rack/logger.rb:38:in `call_app'
  railties (4.0.8) lib/rails/rack/logger.rb:20:in `block in call'
  activesupport (4.0.8) lib/active_support/tagged_logging.rb:68:in `block in tagged'
  activesupport (4.0.8) lib/active_support/tagged_logging.rb:26:in `tagged'
  activesupport (4.0.8) lib/active_support/tagged_logging.rb:68:in `tagged'
  railties (4.0.8) lib/rails/rack/logger.rb:20:in `call'
  actionpack (4.0.8) lib/action_dispatch/middleware/request_id.rb:21:in `call'
  rack (1.5.2) lib/rack/methodoverride.rb:21:in `call'
  rack (1.5.2) lib/rack/runtime.rb:17:in `call'
  activesupport (4.0.8) lib/active_support/cache/strategy/local_cache.rb:83:in `call'
  rack (1.5.2) lib/rack/lock.rb:17:in `call'
  actionpack (4.0.8) lib/action_dispatch/middleware/static.rb:64:in `call'
  rack (1.5.2) lib/rack/sendfile.rb:112:in `call'
  railties (4.0.8) lib/rails/engine.rb:511:in `call'
  railties (4.0.8) lib/rails/application.rb:97:in `call'
  rack (1.5.2) lib/rack/lock.rb:17:in `call'
  rack (1.5.2) lib/rack/content_length.rb:14:in `call'
  rack (1.5.2) lib/rack/handler/webrick.rb:60:in `service'
  C:/Ruby200-x64/lib/ruby/2.0.0/webrick/httpserver.rb:138:in `service'
  C:/Ruby200-x64/lib/ruby/2.0.0/webrick/httpserver.rb:94:in `run'
  C:/Ruby200-x64/lib/ruby/2.0.0/webrick/server.rb:295:in `block in start_thread'


  Rendered C:/Ruby200-x64/lib/ruby/gems/2.0.0/gems/actionpack-4.0.8/lib/action_dispatch/middleware/templates/rescues/_source.erb (0.0ms)
  Rendered C:/Ruby200-x64/lib/ruby/gems/2.0.0/gems/actionpack-4.0.8/lib/action_dispatch/middleware/templates/rescues/_trace.erb (1.0ms)
  Rendered C:/Ruby200-x64/lib/ruby/gems/2.0.0/gems/actionpack-4.0.8/lib/action_dispatch/middleware/templates/rescues/_request_and_response.erb (1.0ms)
  Rendered C:/Ruby200-x64/lib/ruby/gems/2.0.0/gems/actionpack-4.0.8/lib/action_dispatch/middleware/templates/rescues/diagnostics.erb within rescues/layout (76.0ms)


Started GET "/" for 127.0.0.1 at 2014-11-16 20:27:17 -0600
Processing by Rails::WelcomeController#index as HTML
  Rendered C:/Ruby200-x64/lib/ruby/gems/2.0.0/gems/railties-4.0.8/lib/rails/templates/rails/welcome/index.html.erb (3.0ms)
Completed 200 OK in 37ms (Views: 36.0ms | ActiveRecord: 0.0ms)


Started GET "/" for 127.0.0.1 at 2014-11-16 20:27:23 -0600
Processing by Rails::WelcomeController#index as HTML
  Rendered C:/Ruby200-x64/lib/ruby/gems/2.0.0/gems/railties-4.0.8/lib/rails/templates/rails/welcome/index.html.erb (0.0ms)
Completed 200 OK in 9ms (Views: 9.0ms | ActiveRecord: 0.0ms)
